#
# There is insufficient memory for the Java Runtime Environment to continue.
# Native memory allocation (malloc) failed to allocate 1048576 bytes. Error detail: AllocateHeap
# Possible reasons:
#   The system is out of physical RAM or swap space
#   This process is running with CompressedOops enabled, and the Java Heap may be blocking the growth of the native heap
# Possible solutions:
#   Reduce memory load on the system
#   Increase physical memory or swap space
#   Check if swap backing store is full
#   Decrease Java heap size (-Xmx/-Xms)
#   Decrease number of Java threads
#   Decrease Java thread stack sizes (-Xss)
#   Set larger code cache with -XX:ReservedCodeCacheSize=
#   JVM is running with Unscaled Compressed Oops mode in which the Java heap is
#     placed in the first 4GB address space. The Java Heap base address is the
#     maximum limit for the native heap growth. Please use -XX:HeapBaseMinAddress
#     to set the Java Heap base and to place the Java Heap above 4GB virtual address.
# This output file may be truncated or incomplete.
#
#  Out of Memory Error (allocation.cpp:44), pid=35172, tid=1404
#
# JRE version: OpenJDK Runtime Environment Temurin-21.0.8+9 (21.0.8+9) (build 21.0.8+9-LTS)
# Java VM: OpenJDK 64-Bit Server VM Temurin-21.0.8+9 (21.0.8+9-LTS, mixed mode, sharing, tiered, compressed oops, compressed class ptrs, parallel gc, windows-amd64)
# No core dump will be written. Minidumps are not enabled by default on client versions of Windows
#

---------------  S U M M A R Y ------------

Command Line: --add-modules=ALL-SYSTEM --add-opens=java.base/java.util=ALL-UNNAMED --add-opens=java.base/java.lang=ALL-UNNAMED --add-opens=java.base/sun.nio.fs=ALL-UNNAMED -Declipse.application=org.eclipse.jdt.ls.core.id1 -Dosgi.bundles.defaultStartLevel=4 -Declipse.product=org.eclipse.jdt.ls.core.product -Djava.import.generatesMetadataFilesAtProjectRoot=false -DDetectVMInstallationsJob.disabled=true -Dfile.encoding=utf8 -XX:+UseParallelGC -XX:GCTimeRatio=4 -XX:AdaptiveSizePolicyWeight=90 -Dsun.zip.disableMemoryMapping=true -Xmx2G -Xms100m -Xlog:disable -javaagent:c:\Users\ADMIN\.vscode\extensions\redhat.java-1.44.0-win32-x64\lombok\lombok-1.18.39-4050.jar -XX:+HeapDumpOnOutOfMemoryError -XX:HeapDumpPath=c:\Users\ADMIN\AppData\Roaming\Code\User\workspaceStorage\b1ffcd4bc4dad0963ade022a75ff35a5\redhat.java -Daether.dependencyCollector.impl=bf c:\Users\ADMIN\.vscode\extensions\redhat.java-1.44.0-win32-x64\server\plugins\org.eclipse.equinox.launcher_1.7.0.v20250519-0528.jar -configuration c:\Users\ADMIN\AppData\Roaming\Code\User\globalStorage\redhat.java\1.44.0\config_win -data c:\Users\ADMIN\AppData\Roaming\Code\User\workspaceStorage\b1ffcd4bc4dad0963ade022a75ff35a5\redhat.java\jdt_ws --pipe=\\.\pipe\lsp-c1d13d241bd0e140cb0cf45a29522bf6-sock

Host: AMD Ryzen 5 6600H with Radeon Graphics         , 12 cores, 15G,  Windows 11 , 64 bit Build 26100 (10.0.26100.4484)
Time: Wed Aug  6 22:40:37 2025 SE Asia Standard Time elapsed time: 105722.527384 seconds (1d 5h 22m 2s)

---------------  T H R E A D  ---------------

Current thread (0x00000230ad375ff0):  JavaThread "Attach Listener" daemon [_thread_in_vm, id=1404, stack(0x000000a805c00000,0x000000a805d00000) (1024K)]

Stack: [0x000000a805c00000,0x000000a805d00000]
Native frames: (J=compiled Java code, j=interpreted, Vv=VM code, C=native code)
V  [jvm.dll+0x6d2449]
V  [jvm.dll+0x8ae341]
V  [jvm.dll+0x8b08be]
V  [jvm.dll+0x8b0fa3]
V  [jvm.dll+0x280c96]
V  [jvm.dll+0xc0347]
V  [jvm.dll+0x6d2cf9]
V  [jvm.dll+0x131116]
V  [jvm.dll+0x3f2d16]
V  [jvm.dll+0x857e6b]
V  [jvm.dll+0x6d0b0d]
C  [ucrtbase.dll+0x37b0]
C  [KERNEL32.DLL+0x2e8d7]
C  [ntdll.dll+0x3c34c]


---------------  P R O C E S S  ---------------

Threads class SMR info:
_java_thread_list=0x0000023110e1c340, length=57, elements={
0x00000230ad3e6ed0, 0x00000230ad48e230, 0x00000230ad36f780, 0x00000230ad373210,
0x00000230ad375ff0, 0x00000230ad377fa0, 0x00000230ad37cf70, 0x0000023106137c50,
0x00000231061594c0, 0x00000230ad44b6f0, 0x00000231064176e0, 0x00000231076d64e0,
0x000002310782b810, 0x00000231077b8640, 0x00000231077b9990, 0x000002310c6f0d20,
0x000002310c7cd5b0, 0x000002310c4a7770, 0x000002310c4a6a50, 0x000002310c4a9840,
0x000002310e22e820, 0x000002310e22c750, 0x000002310e22db00, 0x000002310e22e190,
0x000002310e22eeb0, 0x000002310e22ba30, 0x000002310e22f540, 0x000002310e22c0c0,
0x000002310e2329c0, 0x000002310e230f80, 0x000002310e231ca0, 0x000002310e2308f0,
0x000002310e233050, 0x000002310e22fbd0, 0x000002310e231610, 0x000002310e230260,
0x000002310e55dd20, 0x000002310e55b5c0, 0x000002310e55d690, 0x000002310e55a8a0,
0x000002310e55af30, 0x000002310dfa00d0, 0x000002310dfa3be0, 0x000002310dfa0760,
0x0000023111acd750, 0x0000023111acdde0, 0x0000023111acf820, 0x0000023111acfeb0,
0x0000023111acca30, 0x0000023111ad2ca0, 0x000002310ec3a740, 0x000002310d10f650,
0x000002310d10a100, 0x000002310d1093e0, 0x000002310d10cef0, 0x000002310d10dc10,
0x000002310d10e2a0
}

Java Threads: ( => current thread )
  0x00000230ad3e6ed0 JavaThread "main"                              [_thread_blocked, id=18028, stack(0x000000a805500000,0x000000a805600000) (1024K)]
  0x00000230ad48e230 JavaThread "Reference Handler"          daemon [_thread_blocked, id=7548, stack(0x000000a805900000,0x000000a805a00000) (1024K)]
  0x00000230ad36f780 JavaThread "Finalizer"                  daemon [_thread_blocked, id=28816, stack(0x000000a805a00000,0x000000a805b00000) (1024K)]
  0x00000230ad373210 JavaThread "Signal Dispatcher"          daemon [_thread_blocked, id=20808, stack(0x000000a805b00000,0x000000a805c00000) (1024K)]
=>0x00000230ad375ff0 JavaThread "Attach Listener"            daemon [_thread_in_vm, id=1404, stack(0x000000a805c00000,0x000000a805d00000) (1024K)]
  0x00000230ad377fa0 JavaThread "Service Thread"             daemon [_thread_blocked, id=26856, stack(0x000000a805d00000,0x000000a805e00000) (1024K)]
  0x00000230ad37cf70 JavaThread "Monitor Deflation Thread"   daemon [_thread_blocked, id=31904, stack(0x000000a805e00000,0x000000a805f00000) (1024K)]
  0x0000023106137c50 JavaThread "C2 CompilerThread0"         daemon [_thread_blocked, id=16564, stack(0x000000a805f00000,0x000000a806000000) (1024K)]
  0x00000231061594c0 JavaThread "C1 CompilerThread0"         daemon [_thread_blocked, id=37420, stack(0x000000a806000000,0x000000a806100000) (1024K)]
  0x00000230ad44b6f0 JavaThread "Common-Cleaner"             daemon [_thread_blocked, id=13888, stack(0x000000a806100000,0x000000a806200000) (1024K)]
  0x00000231064176e0 JavaThread "Notification Thread"        daemon [_thread_blocked, id=25876, stack(0x000000a806300000,0x000000a806400000) (1024K)]
  0x00000231076d64e0 JavaThread "Active Thread: Equinox Container: e3e08c01-a615-4610-b61b-d803947c90b5"        [_thread_blocked, id=32708, stack(0x000000a806a00000,0x000000a806b00000) (1024K)]
  0x000002310782b810 JavaThread "Refresh Thread: Equinox Container: e3e08c01-a615-4610-b61b-d803947c90b5" daemon [_thread_blocked, id=36580, stack(0x000000a806c00000,0x000000a806d00000) (1024K)]
  0x00000231077b8640 JavaThread "Framework Event Dispatcher: Equinox Container: e3e08c01-a615-4610-b61b-d803947c90b5" daemon [_thread_blocked, id=27664, stack(0x000000a806d00000,0x000000a806e00000) (1024K)]
  0x00000231077b9990 JavaThread "Start Level: Equinox Container: e3e08c01-a615-4610-b61b-d803947c90b5" daemon [_thread_blocked, id=3612, stack(0x000000a806e00000,0x000000a806f00000) (1024K)]
  0x000002310c6f0d20 JavaThread "Bundle File Closer"         daemon [_thread_blocked, id=16428, stack(0x000000a807100000,0x000000a807200000) (1024K)]
  0x000002310c7cd5b0 JavaThread "SCR Component Actor"        daemon [_thread_blocked, id=13544, stack(0x000000a807200000,0x000000a807300000) (1024K)]
  0x000002310c4a7770 JavaThread "Worker-JM"                         [_thread_blocked, id=32980, stack(0x000000a807400000,0x000000a807500000) (1024K)]
  0x000002310c4a6a50 JavaThread "Java indexing"              daemon [_thread_blocked, id=34240, stack(0x000000a807700000,0x000000a807800000) (1024K)]
  0x000002310c4a9840 JavaThread "JNA Cleaner"                daemon [_thread_blocked, id=40212, stack(0x000000a807a00000,0x000000a807b00000) (1024K)]
  0x000002310e22e820 JavaThread "Thread-2"                   daemon [_thread_in_native, id=5720, stack(0x000000a807f00000,0x000000a808000000) (1024K)]
  0x000002310e22c750 JavaThread "Thread-3"                   daemon [_thread_in_native, id=19252, stack(0x000000a808000000,0x000000a808100000) (1024K)]
  0x000002310e22db00 JavaThread "Thread-4"                   daemon [_thread_in_native, id=32260, stack(0x000000a808100000,0x000000a808200000) (1024K)]
  0x000002310e22e190 JavaThread "Thread-5"                   daemon [_thread_in_native, id=37220, stack(0x000000a808200000,0x000000a808300000) (1024K)]
  0x000002310e22eeb0 JavaThread "Thread-6"                   daemon [_thread_in_native, id=15596, stack(0x000000a808300000,0x000000a808400000) (1024K)]
  0x000002310e22ba30 JavaThread "Thread-7"                   daemon [_thread_in_native, id=26620, stack(0x000000a808400000,0x000000a808500000) (1024K)]
  0x000002310e22f540 JavaThread "Thread-8"                   daemon [_thread_in_native, id=32116, stack(0x000000a808500000,0x000000a808600000) (1024K)]
  0x000002310e22c0c0 JavaThread "Thread-9"                   daemon [_thread_in_native, id=6260, stack(0x000000a808600000,0x000000a808700000) (1024K)]
  0x000002310e2329c0 JavaThread "Thread-10"                  daemon [_thread_in_native, id=30796, stack(0x000000a808700000,0x000000a808800000) (1024K)]
  0x000002310e230f80 JavaThread "Thread-11"                  daemon [_thread_in_native, id=39840, stack(0x000000a808800000,0x000000a808900000) (1024K)]
  0x000002310e231ca0 JavaThread "Thread-12"                  daemon [_thread_in_native, id=40276, stack(0x000000a808900000,0x000000a808a00000) (1024K)]
  0x000002310e2308f0 JavaThread "Thread-13"                  daemon [_thread_in_native, id=25388, stack(0x000000a808a00000,0x000000a808b00000) (1024K)]
  0x000002310e233050 JavaThread "Thread-14"                  daemon [_thread_in_native, id=38856, stack(0x000000a808b00000,0x000000a808c00000) (1024K)]
  0x000002310e22fbd0 JavaThread "pool-2-thread-1"                   [_thread_blocked, id=31156, stack(0x000000a808c00000,0x000000a808d00000) (1024K)]
  0x000002310e231610 JavaThread "WorkspaceEventsHandler"            [_thread_blocked, id=23804, stack(0x000000a808d00000,0x000000a808e00000) (1024K)]
  0x000002310e230260 JavaThread "pool-1-thread-1"                   [_thread_blocked, id=24880, stack(0x000000a808e00000,0x000000a808f00000) (1024K)]
  0x000002310e55dd20 JavaThread "Timer-0"                           [_thread_blocked, id=25912, stack(0x000000a809100000,0x000000a809200000) (1024K)]
  0x000002310e55b5c0 JavaThread "Timer-1"                           [_thread_blocked, id=40368, stack(0x000000a807300000,0x000000a807400000) (1024K)]
  0x000002310e55d690 JavaThread "Timer-2"                           [_thread_blocked, id=33148, stack(0x000000a809200000,0x000000a809300000) (1024K)]
  0x000002310e55a8a0 JavaThread "Timer-3"                           [_thread_blocked, id=35876, stack(0x000000a809300000,0x000000a809400000) (1024K)]
  0x000002310e55af30 JavaThread "Timer-4"                           [_thread_blocked, id=33688, stack(0x000000a809400000,0x000000a809500000) (1024K)]
  0x000002310dfa00d0 JavaThread "Timer-5"                           [_thread_blocked, id=35128, stack(0x000000a809500000,0x000000a809600000) (1024K)]
  0x000002310dfa3be0 JavaThread "Timer-6"                           [_thread_blocked, id=12580, stack(0x000000a809600000,0x000000a809700000) (1024K)]
  0x000002310dfa0760 JavaThread "Timer-7"                           [_thread_blocked, id=3888, stack(0x000000a809a00000,0x000000a809b00000) (1024K)]
  0x0000023111acd750 JavaThread "Cleaner-0"                  daemon [_thread_blocked, id=12168, stack(0x000000a807c00000,0x000000a807d00000) (1024K)]
  0x0000023111acdde0 JavaThread "Java Debug Server"          daemon [_thread_in_native, id=21272, stack(0x000000a809b00000,0x000000a809c00000) (1024K)]
  0x0000023111acf820 JavaThread "pool-5-thread-1"                   [_thread_in_native, id=19956, stack(0x000000a809c00000,0x000000a809d00000) (1024K)]
  0x0000023111acfeb0 JavaThread "RxSchedulerPurge-1"         daemon [_thread_blocked, id=18604, stack(0x000000a809d00000,0x000000a809e00000) (1024K)]
  0x0000023111acca30 JavaThread "RxCachedWorkerPoolEvictor-1" daemon [_thread_blocked, id=28848, stack(0x000000a809e00000,0x000000a809f00000) (1024K)]
  0x0000023111ad2ca0 JavaThread "process reaper (pid 31848)" daemon [_thread_in_native, id=21748, stack(0x000000a804f70000,0x000000a804f90000) (128K)]
  0x000002310ec3a740 JavaThread "RxNewThreadScheduler-3"     daemon [_thread_blocked, id=21988, stack(0x000000a809f00000,0x000000a80a000000) (1024K)]
  0x000002310d10f650 JavaThread "Worker-81"                         [_thread_blocked, id=43416, stack(0x000000a807800000,0x000000a807900000) (1024K)]
  0x000002310d10a100 JavaThread "ForkJoinPool.commonPool-worker-109" daemon [_thread_blocked, id=33828, stack(0x000000a806200000,0x000000a806300000) (1024K)]
  0x000002310d1093e0 JavaThread "ForkJoinPool.commonPool-worker-110" daemon [_thread_blocked, id=13884, stack(0x000000a807500000,0x000000a807600000) (1024K)]
  0x000002310d10cef0 JavaThread "Worker-84"                         [_thread_blocked, id=26592, stack(0x000000a807d00000,0x000000a807e00000) (1024K)]
  0x000002310d10dc10 JavaThread "ForkJoinPool.commonPool-worker-115" daemon [_thread_blocked, id=43508, stack(0x000000a808f00000,0x000000a809000000) (1024K)]
  0x000002310d10e2a0 JavaThread "ForkJoinPool.commonPool-worker-116" daemon [_thread_blocked, id=36968, stack(0x000000a809700000,0x000000a809800000) (1024K)]
Total: 57

Other Threads:
  0x00000230ad47a4e0 VMThread "VM Thread"                           [id=28832, stack(0x000000a805800000,0x000000a805900000) (1024K)]
  0x00000230ad25ca00 WatcherThread "VM Periodic Task Thread"        [id=24120, stack(0x000000a805700000,0x000000a805800000) (1024K)]
  0x00000230ad3fe4a0 WorkerThread "GC Thread#0"                     [id=32584, stack(0x000000a805600000,0x000000a805700000) (1024K)]
  0x00000231064db910 WorkerThread "GC Thread#1"                     [id=40644, stack(0x000000a806400000,0x000000a806500000) (1024K)]
  0x00000231064dbcb0 WorkerThread "GC Thread#2"                     [id=32864, stack(0x000000a806500000,0x000000a806600000) (1024K)]
  0x0000023107761bd0 WorkerThread "GC Thread#3"                     [id=1956, stack(0x000000a806600000,0x000000a806700000) (1024K)]
  0x000002310650d0e0 WorkerThread "GC Thread#4"                     [id=21128, stack(0x000000a806700000,0x000000a806800000) (1024K)]
  0x000002310650d480 WorkerThread "GC Thread#5"                     [id=4144, stack(0x000000a806800000,0x000000a806900000) (1024K)]
  0x000002310650d820 WorkerThread "GC Thread#6"                     [id=29500, stack(0x000000a806900000,0x000000a806a00000) (1024K)]
  0x0000023107725880 WorkerThread "GC Thread#7"                     [id=40888, stack(0x000000a806b00000,0x000000a806c00000) (1024K)]
  0x000002310c5ae540 WorkerThread "GC Thread#8"                     [id=18948, stack(0x000000a806f00000,0x000000a807000000) (1024K)]
  0x000002310c0f3400 WorkerThread "GC Thread#9"                     [id=27688, stack(0x000000a807000000,0x000000a807100000) (1024K)]
Total: 12

Threads with active compile tasks:
Total: 0

VM state: not at safepoint (normal execution)

VM Mutex/Monitor currently owned by a thread: None

Heap address: 0x0000000080000000, size: 2048 MB, Compressed Oops mode: 32-bit

CDS archive(s) mapped at: [0x00000230c4000000-0x00000230c4ba0000-0x00000230c4ba0000), size 12189696, SharedBaseAddress: 0x00000230c4000000, ArchiveRelocationMode: 1.
Compressed class space mapped at: 0x00000230c5000000-0x0000023105000000, reserved size: 1073741824
Narrow klass base: 0x00000230c4000000, Narrow klass shift: 0, Narrow klass range: 0x100000000

GC Precious Log:
 CardTable entry size: 512
 CPUs: 12 total, 12 available
 Memory: 15557M
 Large Page Support: Disabled
 NUMA Support: Disabled
 Compressed Oops: Enabled (32-bit)
 Alignments: Space 512K, Generation 512K, Heap 2M
 Heap Min Capacity: 100M
 Heap Initial Capacity: 100M
 Heap Max Capacity: 2G
 Pre-touch: Disabled
 Parallel Workers: 10

Heap:
 PSYoungGen      total 4608K, used 4501K [0x00000000d5580000, 0x00000000d5d00000, 0x0000000100000000)
  eden space 2560K, 95% used [0x00000000d5580000,0x00000000d57e5778,0x00000000d5800000)
  from space 2048K, 100% used [0x00000000d5800000,0x00000000d5a00000,0x00000000d5a00000)
  to   space 2560K, 0% used [0x00000000d5a80000,0x00000000d5a80000,0x00000000d5d00000)
 ParOldGen       total 380416K, used 380034K [0x0000000080000000, 0x0000000097380000, 0x00000000d5580000)
  object space 380416K, 99% used [0x0000000080000000,0x0000000097320948,0x0000000097380000)
 Metaspace       used 111897K, committed 113536K, reserved 1179648K
  class space    used 12509K, committed 13312K, reserved 1048576K

Card table byte_map: [0x00000230acd70000,0x00000230ad180000] _byte_map_base: 0x00000230ac970000

Marking Bits: (ParMarkBitMap*) 0x00007ffca865a340
 Begin Bits: [0x00000230bf870000, 0x00000230c1870000)
 End Bits:   [0x00000230c1870000, 0x00000230c3870000)

Polling page: 0x00000230acae0000

Metaspace:

Usage:
  Non-class:     97.06 MB used.
      Class:     12.22 MB used.
       Both:    109.27 MB used.

Virtual space:
  Non-class space:      128.00 MB reserved,      97.88 MB ( 76%) committed,  2 nodes.
      Class space:        1.00 GB reserved,      13.00 MB (  1%) committed,  1 nodes.
             Both:        1.12 GB reserved,     110.88 MB ( 10%) committed. 

Chunk freelists:
   Non-Class:  13.22 MB
       Class:  2.98 MB
        Both:  16.20 MB

MaxMetaspaceSize: unlimited
CompressedClassSpaceSize: 1.00 GB
Initial GC threshold: 21.00 MB
Current GC threshold: 184.81 MB
CDS: on
 - commit_granule_bytes: 65536.
 - commit_granule_words: 8192.
 - virtual_space_node_default_size: 8388608.
 - enlarge_chunks_in_place: 1.
 - use_allocation_guard: 0.


Internal statistics:

num_allocs_failed_limit: 9.
num_arena_births: 2624.
num_arena_deaths: 960.
num_vsnodes_births: 3.
num_vsnodes_deaths: 0.
num_space_committed: 1774.
num_space_uncommitted: 0.
num_chunks_returned_to_freelist: 1191.
num_chunks_taken_from_freelist: 8646.
num_chunk_merges: 354.
num_chunk_splits: 4863.
num_chunks_enlarged: 2700.
num_inconsistent_stats: 0.

CodeHeap 'non-profiled nmethods': size=120000Kb used=30367Kb max_used=30533Kb free=89632Kb
 bounds [0x00000230b8090000, 0x00000230b9e90000, 0x00000230bf5c0000]
CodeHeap 'profiled nmethods': size=120000Kb used=38736Kb max_used=50552Kb free=81263Kb
 bounds [0x00000230b05c0000, 0x00000230b3720000, 0x00000230b7af0000]
CodeHeap 'non-nmethods': size=5760Kb used=1568Kb max_used=1638Kb free=4192Kb
 bounds [0x00000230b7af0000, 0x00000230b7d60000, 0x00000230b8090000]
CodeCache: size=245760Kb, used=70671Kb, max_used=82723Kb, free=175087Kb
 total_blobs=17168, nmethods=16271, adapters=798, full_count=0
Compilation: enabled, stopped_count=0, restarted_count=0

Compilation events (20 events):
Event: 105234.985 Thread 0x0000023106137c50 32131   !   4       org.eclipse.core.internal.jobs.ImplicitJobs::endJob (124 bytes)
Event: 105235.020 Thread 0x0000023106137c50 nmethod 32131 0x00000230b9643310 code [0x00000230b9643500, 0x00000230b9643d60]
Event: 105235.263 Thread 0x0000023106137c50 32132       4       org.eclipse.jdt.internal.core.util.ReferenceInfoAdapter::acceptUnknownReference (1 bytes)
Event: 105235.263 Thread 0x0000023106137c50 nmethod 32132 0x00000230b9c35410 code [0x00000230b9c355a0, 0x00000230b9c35628]
Event: 105235.747 Thread 0x0000023106137c50 32133       4       org.eclipse.jdt.internal.compiler.lookup.Scope::tagAsAccessingEnclosingInstanceStateOf (342 bytes)
Event: 105235.836 Thread 0x0000023106137c50 nmethod 32133 0x00000230b9642690 code [0x00000230b96428a0, 0x00000230b9642d28]
Event: 105235.887 Thread 0x0000023106137c50 32134       4       org.eclipse.jdt.internal.core.CompilationUnitStructureRequestor::createTypeInfo (418 bytes)
Event: 105236.089 Thread 0x0000023106137c50 nmethod 32134 0x00000230b9359810 code [0x00000230b9359c00, 0x00000230b935be68]
Event: 105236.135 Thread 0x00000231061594c0 32135       3       org.eclipse.jdt.ls.core.internal.codemanipulation.PartialSortMembersOperation::checkMalformedNodes (21 bytes)
Event: 105236.137 Thread 0x00000231061594c0 nmethod 32135 0x00000230b3546910 code [0x00000230b3546ae0, 0x00000230b3546da8]
Event: 105237.426 Thread 0x00000231061594c0 32136       3       org.eclipse.jdt.internal.corext.dom.GenericVisitor::visit (6 bytes)
Event: 105237.430 Thread 0x00000231061594c0 nmethod 32136 0x00000230b24baa10 code [0x00000230b24babc0, 0x00000230b24bad88]
Event: 105244.010 Thread 0x0000023106137c50 32137   !   4       org.eclipse.jdt.internal.compiler.parser.Scanner::jumpOverMethodBody (2550 bytes)
Event: 105244.246 Thread 0x0000023106137c50 nmethod 32137 0x00000230b9e7a410 code [0x00000230b9e7ab40, 0x00000230b9e7e9f0]
Event: 105248.347 Thread 0x0000023106137c50 32138       4       java.util.HashMap::valuesToArray (81 bytes)
Event: 105248.358 Thread 0x0000023106137c50 nmethod 32138 0x00000230b8b59290 code [0x00000230b8b59440, 0x00000230b8b597f8]
Event: 105248.359 Thread 0x0000023106137c50 32139       4       org.eclipse.jdt.core.search.SearchPattern::findIndexMatches (13 bytes)
Event: 105248.360 Thread 0x0000023106137c50 nmethod 32139 0x00000230b8b58f10 code [0x00000230b8b590a0, 0x00000230b8b59158]
Event: 105248.714 Thread 0x00000231061594c0 32140   !   3       org.eclipse.jdt.internal.codeassist.SelectionEngine::checkSelection (1090 bytes)
Event: 105248.721 Thread 0x00000231061594c0 nmethod 32140 0x00000230b1c7ff10 code [0x00000230b1c80320, 0x00000230b1c82680]

GC Heap History (20 events):
Event: 105244.111 GC heap before
{Heap before GC invocations=10778 (full 11):
 PSYoungGen      total 6144K, used 6067K [0x00000000d5580000, 0x00000000d5c80000, 0x0000000100000000)
  eden space 5120K, 100% used [0x00000000d5580000,0x00000000d5a80000,0x00000000d5a80000)
  from space 1024K, 92% used [0x00000000d5a80000,0x00000000d5b6ce48,0x00000000d5b80000)
  to   space 1024K, 0% used [0x00000000d5b80000,0x00000000d5b80000,0x00000000d5c80000)
 ParOldGen       total 371712K, used 371499K [0x0000000080000000, 0x0000000096b00000, 0x00000000d5580000)
  object space 371712K, 99% used [0x0000000080000000,0x0000000096acaec0,0x0000000096b00000)
 Metaspace       used 111896K, committed 113536K, reserved 1179648K
  class space    used 12509K, committed 13312K, reserved 1048576K
}
Event: 105244.113 GC heap after
{Heap after GC invocations=10778 (full 11):
 PSYoungGen      total 6144K, used 638K [0x00000000d5580000, 0x00000000d5c80000, 0x0000000100000000)
  eden space 5120K, 0% used [0x00000000d5580000,0x00000000d5580000,0x00000000d5a80000)
  from space 1024K, 62% used [0x00000000d5b80000,0x00000000d5c1f890,0x00000000d5c80000)
  to   space 1024K, 0% used [0x00000000d5a80000,0x00000000d5a80000,0x00000000d5b80000)
 ParOldGen       total 372224K, used 372103K [0x0000000080000000, 0x0000000096b80000, 0x00000000d5580000)
  object space 372224K, 99% used [0x0000000080000000,0x0000000096b61e38,0x0000000096b80000)
 Metaspace       used 111896K, committed 113536K, reserved 1179648K
  class space    used 12509K, committed 13312K, reserved 1048576K
}
Event: 105245.878 GC heap before
{Heap before GC invocations=10779 (full 11):
 PSYoungGen      total 6144K, used 5758K [0x00000000d5580000, 0x00000000d5c80000, 0x0000000100000000)
  eden space 5120K, 100% used [0x00000000d5580000,0x00000000d5a80000,0x00000000d5a80000)
  from space 1024K, 62% used [0x00000000d5b80000,0x00000000d5c1f890,0x00000000d5c80000)
  to   space 1024K, 0% used [0x00000000d5a80000,0x00000000d5a80000,0x00000000d5b80000)
 ParOldGen       total 372224K, used 372103K [0x0000000080000000, 0x0000000096b80000, 0x00000000d5580000)
  object space 372224K, 99% used [0x0000000080000000,0x0000000096b61e38,0x0000000096b80000)
 Metaspace       used 111896K, committed 113536K, reserved 1179648K
  class space    used 12509K, committed 13312K, reserved 1048576K
}
Event: 105245.880 GC heap after
{Heap after GC invocations=10779 (full 11):
 PSYoungGen      total 6144K, used 506K [0x00000000d5580000, 0x00000000d5c80000, 0x0000000100000000)
  eden space 5120K, 0% used [0x00000000d5580000,0x00000000d5580000,0x00000000d5a80000)
  from space 1024K, 49% used [0x00000000d5a80000,0x00000000d5afe900,0x00000000d5b80000)
  to   space 1024K, 0% used [0x00000000d5b80000,0x00000000d5b80000,0x00000000d5c80000)
 ParOldGen       total 372224K, used 372135K [0x0000000080000000, 0x0000000096b80000, 0x00000000d5580000)
  object space 372224K, 99% used [0x0000000080000000,0x0000000096b69e38,0x0000000096b80000)
 Metaspace       used 111896K, committed 113536K, reserved 1179648K
  class space    used 12509K, committed 13312K, reserved 1048576K
}
Event: 105245.892 GC heap before
{Heap before GC invocations=10780 (full 11):
 PSYoungGen      total 6144K, used 5626K [0x00000000d5580000, 0x00000000d5c80000, 0x0000000100000000)
  eden space 5120K, 100% used [0x00000000d5580000,0x00000000d5a80000,0x00000000d5a80000)
  from space 1024K, 49% used [0x00000000d5a80000,0x00000000d5afe900,0x00000000d5b80000)
  to   space 1024K, 0% used [0x00000000d5b80000,0x00000000d5b80000,0x00000000d5c80000)
 ParOldGen       total 372224K, used 372135K [0x0000000080000000, 0x0000000096b80000, 0x00000000d5580000)
  object space 372224K, 99% used [0x0000000080000000,0x0000000096b69e38,0x0000000096b80000)
 Metaspace       used 111896K, committed 113536K, reserved 1179648K
  class space    used 12509K, committed 13312K, reserved 1048576K
}
Event: 105245.894 GC heap after
{Heap after GC invocations=10780 (full 11):
 PSYoungGen      total 3584K, used 1022K [0x00000000d5580000, 0x00000000d6180000, 0x0000000100000000)
  eden space 2560K, 0% used [0x00000000d5580000,0x00000000d5580000,0x00000000d5800000)
  from space 1024K, 99% used [0x00000000d5b80000,0x00000000d5c7f890,0x00000000d5c80000)
  to   space 3584K, 0% used [0x00000000d5800000,0x00000000d5800000,0x00000000d5b80000)
 ParOldGen       total 374272K, used 374112K [0x0000000080000000, 0x0000000096d80000, 0x00000000d5580000)
  object space 374272K, 99% used [0x0000000080000000,0x0000000096d583f8,0x0000000096d80000)
 Metaspace       used 111896K, committed 113536K, reserved 1179648K
  class space    used 12509K, committed 13312K, reserved 1048576K
}
Event: 105247.061 GC heap before
{Heap before GC invocations=10781 (full 11):
 PSYoungGen      total 3584K, used 3582K [0x00000000d5580000, 0x00000000d6180000, 0x0000000100000000)
  eden space 2560K, 100% used [0x00000000d5580000,0x00000000d5800000,0x00000000d5800000)
  from space 1024K, 99% used [0x00000000d5b80000,0x00000000d5c7f890,0x00000000d5c80000)
  to   space 3584K, 0% used [0x00000000d5800000,0x00000000d5800000,0x00000000d5b80000)
 ParOldGen       total 374272K, used 374112K [0x0000000080000000, 0x0000000096d80000, 0x00000000d5580000)
  object space 374272K, 99% used [0x0000000080000000,0x0000000096d583f8,0x0000000096d80000)
 Metaspace       used 111896K, committed 113536K, reserved 1179648K
  class space    used 12509K, committed 13312K, reserved 1048576K
}
Event: 105247.064 GC heap after
{Heap after GC invocations=10781 (full 11):
 PSYoungGen      total 3072K, used 416K [0x00000000d5580000, 0x00000000d5c00000, 0x0000000100000000)
  eden space 2560K, 0% used [0x00000000d5580000,0x00000000d5580000,0x00000000d5800000)
  from space 512K, 81% used [0x00000000d5800000,0x00000000d5868000,0x00000000d5880000)
  to   space 1536K, 0% used [0x00000000d5a80000,0x00000000d5a80000,0x00000000d5c00000)
 ParOldGen       total 374784K, used 374355K [0x0000000080000000, 0x0000000096e00000, 0x00000000d5580000)
  object space 374784K, 99% used [0x0000000080000000,0x0000000096d94ef0,0x0000000096e00000)
 Metaspace       used 111896K, committed 113536K, reserved 1179648K
  class space    used 12509K, committed 13312K, reserved 1048576K
}
Event: 105248.336 GC heap before
{Heap before GC invocations=10782 (full 11):
 PSYoungGen      total 3072K, used 2976K [0x00000000d5580000, 0x00000000d5c00000, 0x0000000100000000)
  eden space 2560K, 100% used [0x00000000d5580000,0x00000000d5800000,0x00000000d5800000)
  from space 512K, 81% used [0x00000000d5800000,0x00000000d5868000,0x00000000d5880000)
  to   space 1536K, 0% used [0x00000000d5a80000,0x00000000d5a80000,0x00000000d5c00000)
 ParOldGen       total 374784K, used 374355K [0x0000000080000000, 0x0000000096e00000, 0x00000000d5580000)
  object space 374784K, 99% used [0x0000000080000000,0x0000000096d94ef0,0x0000000096e00000)
 Metaspace       used 111897K, committed 113536K, reserved 1179648K
  class space    used 12509K, committed 13312K, reserved 1048576K
}
Event: 105248.338 GC heap after
{Heap after GC invocations=10782 (full 11):
 PSYoungGen      total 3072K, used 218K [0x00000000d5580000, 0x00000000d5b00000, 0x0000000100000000)
  eden space 2560K, 0% used [0x00000000d5580000,0x00000000d5580000,0x00000000d5800000)
  from space 512K, 42% used [0x00000000d5a80000,0x00000000d5ab6900,0x00000000d5b00000)
  to   space 512K, 0% used [0x00000000d5800000,0x00000000d5800000,0x00000000d5880000)
 ParOldGen       total 374784K, used 374403K [0x0000000080000000, 0x0000000096e00000, 0x00000000d5580000)
  object space 374784K, 99% used [0x0000000080000000,0x0000000096da0ef0,0x0000000096e00000)
 Metaspace       used 111897K, committed 113536K, reserved 1179648K
  class space    used 12509K, committed 13312K, reserved 1048576K
}
Event: 105248.341 GC heap before
{Heap before GC invocations=10783 (full 11):
 PSYoungGen      total 3072K, used 2778K [0x00000000d5580000, 0x00000000d5b00000, 0x0000000100000000)
  eden space 2560K, 100% used [0x00000000d5580000,0x00000000d5800000,0x00000000d5800000)
  from space 512K, 42% used [0x00000000d5a80000,0x00000000d5ab6900,0x00000000d5b00000)
  to   space 512K, 0% used [0x00000000d5800000,0x00000000d5800000,0x00000000d5880000)
 ParOldGen       total 374784K, used 374403K [0x0000000080000000, 0x0000000096e00000, 0x00000000d5580000)
  object space 374784K, 99% used [0x0000000080000000,0x0000000096da0ef0,0x0000000096e00000)
 Metaspace       used 111897K, committed 113536K, reserved 1179648K
  class space    used 12509K, committed 13312K, reserved 1048576K
}
Event: 105248.344 GC heap after
{Heap after GC invocations=10783 (full 11):
 PSYoungGen      total 3072K, used 512K [0x00000000d5580000, 0x00000000d5b00000, 0x0000000100000000)
  eden space 2560K, 0% used [0x00000000d5580000,0x00000000d5580000,0x00000000d5800000)
  from space 512K, 100% used [0x00000000d5800000,0x00000000d5880000,0x00000000d5880000)
  to   space 1024K, 0% used [0x00000000d5a00000,0x00000000d5a00000,0x00000000d5b00000)
 ParOldGen       total 374784K, used 374544K [0x0000000080000000, 0x0000000096e00000, 0x00000000d5580000)
  object space 374784K, 99% used [0x0000000080000000,0x0000000096dc40f0,0x0000000096e00000)
 Metaspace       used 111897K, committed 113536K, reserved 1179648K
  class space    used 12509K, committed 13312K, reserved 1048576K
}
Event: 105248.356 GC heap before
{Heap before GC invocations=10784 (full 11):
 PSYoungGen      total 3072K, used 3072K [0x00000000d5580000, 0x00000000d5b00000, 0x0000000100000000)
  eden space 2560K, 100% used [0x00000000d5580000,0x00000000d5800000,0x00000000d5800000)
  from space 512K, 100% used [0x00000000d5800000,0x00000000d5880000,0x00000000d5880000)
  to   space 1024K, 0% used [0x00000000d5a00000,0x00000000d5a00000,0x00000000d5b00000)
 ParOldGen       total 374784K, used 374544K [0x0000000080000000, 0x0000000096e00000, 0x00000000d5580000)
  object space 374784K, 99% used [0x0000000080000000,0x0000000096dc40f0,0x0000000096e00000)
 Metaspace       used 111897K, committed 113536K, reserved 1179648K
  class space    used 12509K, committed 13312K, reserved 1048576K
}
Event: 105248.358 GC heap after
{Heap after GC invocations=10784 (full 11):
 PSYoungGen      total 3072K, used 1022K [0x00000000d5580000, 0x00000000d5d00000, 0x0000000100000000)
  eden space 2048K, 0% used [0x00000000d5580000,0x00000000d5580000,0x00000000d5780000)
  from space 1024K, 99% used [0x00000000d5a00000,0x00000000d5aff890,0x00000000d5b00000)
  to   space 2560K, 0% used [0x00000000d5780000,0x00000000d5780000,0x00000000d5a00000)
 ParOldGen       total 375808K, used 375406K [0x0000000080000000, 0x0000000096f00000, 0x00000000d5580000)
  object space 375808K, 99% used [0x0000000080000000,0x0000000096e9b828,0x0000000096f00000)
 Metaspace       used 111897K, committed 113536K, reserved 1179648K
  class space    used 12509K, committed 13312K, reserved 1048576K
}
Event: 105248.364 GC heap before
{Heap before GC invocations=10785 (full 11):
 PSYoungGen      total 3072K, used 3070K [0x00000000d5580000, 0x00000000d5d00000, 0x0000000100000000)
  eden space 2048K, 100% used [0x00000000d5580000,0x00000000d5780000,0x00000000d5780000)
  from space 1024K, 99% used [0x00000000d5a00000,0x00000000d5aff890,0x00000000d5b00000)
  to   space 2560K, 0% used [0x00000000d5780000,0x00000000d5780000,0x00000000d5a00000)
 ParOldGen       total 375808K, used 375406K [0x0000000080000000, 0x0000000096f00000, 0x00000000d5580000)
  object space 375808K, 99% used [0x0000000080000000,0x0000000096e9b828,0x0000000096f00000)
 Metaspace       used 111897K, committed 113536K, reserved 1179648K
  class space    used 12509K, committed 13312K, reserved 1048576K
}
Event: 105248.367 GC heap after
{Heap after GC invocations=10785 (full 11):
 PSYoungGen      total 4608K, used 2144K [0x00000000d5580000, 0x00000000d5c80000, 0x0000000100000000)
  eden space 2048K, 0% used [0x00000000d5580000,0x00000000d5580000,0x00000000d5780000)
  from space 2560K, 83% used [0x00000000d5780000,0x00000000d5998000,0x00000000d5a00000)
  to   space 2560K, 0% used [0x00000000d5a00000,0x00000000d5a00000,0x00000000d5c80000)
 ParOldGen       total 376832K, used 376476K [0x0000000080000000, 0x0000000097000000, 0x00000000d5580000)
  object space 376832K, 99% used [0x0000000080000000,0x0000000096fa70b8,0x0000000097000000)
 Metaspace       used 111897K, committed 113536K, reserved 1179648K
  class space    used 12509K, committed 13312K, reserved 1048576K
}
Event: 105248.373 GC heap before
{Heap before GC invocations=10786 (full 11):
 PSYoungGen      total 4608K, used 4192K [0x00000000d5580000, 0x00000000d5c80000, 0x0000000100000000)
  eden space 2048K, 100% used [0x00000000d5580000,0x00000000d5780000,0x00000000d5780000)
  from space 2560K, 83% used [0x00000000d5780000,0x00000000d5998000,0x00000000d5a00000)
  to   space 2560K, 0% used [0x00000000d5a00000,0x00000000d5a00000,0x00000000d5c80000)
 ParOldGen       total 376832K, used 376476K [0x0000000080000000, 0x0000000097000000, 0x00000000d5580000)
  object space 376832K, 99% used [0x0000000080000000,0x0000000096fa70b8,0x0000000097000000)
 Metaspace       used 111897K, committed 113536K, reserved 1179648K
  class space    used 12509K, committed 13312K, reserved 1048576K
}
Event: 105248.376 GC heap after
{Heap after GC invocations=10786 (full 11):
 PSYoungGen      total 4096K, used 1566K [0x00000000d5580000, 0x00000000d5c00000, 0x0000000100000000)
  eden space 2048K, 0% used [0x00000000d5580000,0x00000000d5580000,0x00000000d5780000)
  from space 2048K, 76% used [0x00000000d5a00000,0x00000000d5b87890,0x00000000d5c00000)
  to   space 2048K, 0% used [0x00000000d5800000,0x00000000d5800000,0x00000000d5a00000)
 ParOldGen       total 378880K, used 378540K [0x0000000080000000, 0x0000000097200000, 0x00000000d5580000)
  object space 378880K, 99% used [0x0000000080000000,0x00000000971ab0b8,0x0000000097200000)
 Metaspace       used 111897K, committed 113536K, reserved 1179648K
  class space    used 12509K, committed 13312K, reserved 1048576K
}
Event: 105248.382 GC heap before
{Heap before GC invocations=10787 (full 11):
 PSYoungGen      total 4096K, used 3614K [0x00000000d5580000, 0x00000000d5c00000, 0x0000000100000000)
  eden space 2048K, 100% used [0x00000000d5580000,0x00000000d5780000,0x00000000d5780000)
  from space 2048K, 76% used [0x00000000d5a00000,0x00000000d5b87890,0x00000000d5c00000)
  to   space 2048K, 0% used [0x00000000d5800000,0x00000000d5800000,0x00000000d5a00000)
 ParOldGen       total 378880K, used 378540K [0x0000000080000000, 0x0000000097200000, 0x00000000d5580000)
  object space 378880K, 99% used [0x0000000080000000,0x00000000971ab0b8,0x0000000097200000)
 Metaspace       used 111897K, committed 113536K, reserved 1179648K
  class space    used 12509K, committed 13312K, reserved 1048576K
}
Event: 105248.385 GC heap after
{Heap after GC invocations=10787 (full 11):
 PSYoungGen      total 4608K, used 2048K [0x00000000d5580000, 0x00000000d5d00000, 0x0000000100000000)
  eden space 2560K, 0% used [0x00000000d5580000,0x00000000d5580000,0x00000000d5800000)
  from space 2048K, 100% used [0x00000000d5800000,0x00000000d5a00000,0x00000000d5a00000)
  to   space 2560K, 0% used [0x00000000d5a80000,0x00000000d5a80000,0x00000000d5d00000)
 ParOldGen       total 380416K, used 380034K [0x0000000080000000, 0x0000000097380000, 0x00000000d5580000)
  object space 380416K, 99% used [0x0000000080000000,0x0000000097320948,0x0000000097380000)
 Metaspace       used 111897K, committed 113536K, reserved 1179648K
  class space    used 12509K, committed 13312K, reserved 1048576K
}

Dll operation events (15 events):
Event: 0.019 Loaded shared library c:\Users\ADMIN\.vscode\extensions\redhat.java-1.44.0-win32-x64\jre\21.0.8-win32-x86_64\bin\java.dll
Event: 0.111 Loaded shared library c:\Users\ADMIN\.vscode\extensions\redhat.java-1.44.0-win32-x64\jre\21.0.8-win32-x86_64\bin\zip.dll
Event: 0.145 Loaded shared library C:\Users\ADMIN\.vscode\extensions\redhat.java-1.44.0-win32-x64\jre\21.0.8-win32-x86_64\bin\instrument.dll
Event: 0.153 Loaded shared library C:\Users\ADMIN\.vscode\extensions\redhat.java-1.44.0-win32-x64\jre\21.0.8-win32-x86_64\bin\net.dll
Event: 0.157 Loaded shared library C:\Users\ADMIN\.vscode\extensions\redhat.java-1.44.0-win32-x64\jre\21.0.8-win32-x86_64\bin\nio.dll
Event: 0.163 Loaded shared library C:\Users\ADMIN\.vscode\extensions\redhat.java-1.44.0-win32-x64\jre\21.0.8-win32-x86_64\bin\zip.dll
Event: 0.188 Loaded shared library C:\Users\ADMIN\.vscode\extensions\redhat.java-1.44.0-win32-x64\jre\21.0.8-win32-x86_64\bin\jimage.dll
Event: 0.297 Loaded shared library c:\Users\ADMIN\.vscode\extensions\redhat.java-1.44.0-win32-x64\jre\21.0.8-win32-x86_64\bin\verify.dll
Event: 1.983 Loaded shared library C:\Users\ADMIN\AppData\Roaming\Code\User\globalStorage\redhat.java\1.44.0\config_win\org.eclipse.equinox.launcher\org.eclipse.equinox.launcher.win32.win32.x86_64_1.2.1400.v20250730-1736\eclipse_11913.dll
Event: 3.855 Loaded shared library C:\Users\ADMIN\.vscode\extensions\redhat.java-1.44.0-win32-x64\jre\21.0.8-win32-x86_64\bin\management.dll
Event: 3.860 Loaded shared library C:\Users\ADMIN\.vscode\extensions\redhat.java-1.44.0-win32-x64\jre\21.0.8-win32-x86_64\bin\management_ext.dll
Event: 5.852 Loaded shared library C:\Users\ADMIN\AppData\Local\Temp\jna-62130991\jna4144686039312488499.dll
Event: 6.032 Loaded shared library C:\Users\ADMIN\.vscode\extensions\redhat.java-1.44.0-win32-x64\jre\21.0.8-win32-x86_64\bin\sunmscapi.dll
Event: 6.641 Loaded shared library C:\Users\ADMIN\.vscode\extensions\redhat.java-1.44.0-win32-x64\jre\21.0.8-win32-x86_64\bin\extnet.dll
Event: 9.231 Loaded shared library C:\Users\ADMIN\.gradle\native\1def1411415f61bf3af743bc5b6707747c0891f09f0c88961ee8f79bc544acac\windows-amd64\native-platform.dll

Deoptimization events (20 events):
Event: 86610.481 Thread 0x0000023111ad0540 DEOPT PACKING pc=0x00000230b220edc3 sp=0x000000a80a0fee50
Event: 86610.481 Thread 0x0000023111ad0540 DEOPT UNPACKING pc=0x00000230b7b44242 sp=0x000000a80a0fe3a0 mode 0
Event: 86613.437 Thread 0x000002310d10e930 DEOPT PACKING pc=0x00000230b2710cd9 sp=0x000000a8079fec10
Event: 86613.437 Thread 0x000002310d10e930 DEOPT UNPACKING pc=0x00000230b7b44242 sp=0x000000a8079fe0e0 mode 0
Event: 86614.764 Thread 0x000002310d10e930 Uncommon trap: trap_request=0xffffff45 fr.pc=0x00000230b8dd6884 relative=0x0000000000005584
Event: 86614.764 Thread 0x000002310d10e930 Uncommon trap: reason=unstable_if action=reinterpret pc=0x00000230b8dd6884 method=org.eclipse.jdt.core.manipulation.CoreASTProvider.getAST(Lorg/eclipse/jdt/core/ITypeRoot;Lorg/eclipse/jdt/core/manipulation/CoreASTProvider$WAIT_FLAG;Lorg/eclipse/core/runti
Event: 86614.764 Thread 0x000002310d10e930 DEOPT PACKING pc=0x00000230b8dd6884 sp=0x000000a8079ff2f0
Event: 86614.764 Thread 0x000002310d10e930 DEOPT UNPACKING pc=0x00000230b7b43aa2 sp=0x000000a8079ff300 mode 2
Event: 105219.507 Thread 0x0000023111acbd10 Uncommon trap: trap_request=0xffffffc6 fr.pc=0x00000230b9477474 relative=0x0000000000002834
Event: 105219.510 Thread 0x0000023111acbd10 Uncommon trap: reason=bimorphic_or_optimized_type_check action=maybe_recompile pc=0x00000230b9477474 method=org.eclipse.jdt.internal.compiler.parser.Scanner.jumpOverMethodBody()V @ 2441 c2
Event: 105219.510 Thread 0x0000023111acbd10 DEOPT PACKING pc=0x00000230b9477474 sp=0x000000a8052fec00
Event: 105219.511 Thread 0x0000023111acbd10 DEOPT UNPACKING pc=0x00000230b7b43aa2 sp=0x000000a8052feb80 mode 2
Event: 105231.386 Thread 0x0000023111acbd10 Uncommon trap: trap_request=0xffffff45 fr.pc=0x00000230b92eecfc relative=0x00000000000018bc
Event: 105231.387 Thread 0x0000023111acbd10 Uncommon trap: reason=unstable_if action=reinterpret pc=0x00000230b92eecfc method=org.eclipse.jdt.internal.codeassist.SelectionEngine.checkSelection([CIIZ)Z @ 446 c2
Event: 105231.387 Thread 0x0000023111acbd10 DEOPT PACKING pc=0x00000230b92eecfc sp=0x000000a8052fee80
Event: 105231.387 Thread 0x0000023111acbd10 DEOPT UNPACKING pc=0x00000230b7b43aa2 sp=0x000000a8052fedd0 mode 2
Event: 105244.007 Thread 0x000002310d10b4b0 Uncommon trap: trap_request=0xffffffc6 fr.pc=0x00000230b9477474 relative=0x0000000000002834
Event: 105244.008 Thread 0x000002310d10b4b0 Uncommon trap: reason=bimorphic_or_optimized_type_check action=maybe_recompile pc=0x00000230b9477474 method=org.eclipse.jdt.internal.compiler.parser.Scanner.jumpOverMethodBody()V @ 2441 c2
Event: 105244.008 Thread 0x000002310d10b4b0 DEOPT PACKING pc=0x00000230b9477474 sp=0x000000a8076fe8b0
Event: 105244.008 Thread 0x000002310d10b4b0 DEOPT UNPACKING pc=0x00000230b7b43aa2 sp=0x000000a8076fe830 mode 2

Classes loaded (20 events):
Event: 21246.806 Loading class java/util/stream/SliceOps
Event: 21246.806 Loading class java/util/stream/SliceOps done
Event: 21246.806 Loading class java/util/stream/SliceOps$1
Event: 21246.807 Loading class java/util/stream/SliceOps$1 done
Event: 21246.810 Loading class java/util/stream/SliceOps$1$1
Event: 21246.810 Loading class java/util/stream/SliceOps$1$1 done
Event: 21246.818 Loading class java/util/concurrent/CompletableFuture$UniWhenComplete
Event: 21246.818 Loading class java/util/concurrent/CompletableFuture$UniWhenComplete done
Event: 21246.819 Loading class java/util/concurrent/CompletableFuture$UniCompose
Event: 21246.820 Loading class java/util/concurrent/CompletableFuture$UniCompose done
Event: 21246.820 Loading class java/util/concurrent/CompletableFuture$UniRelay
Event: 21246.820 Loading class java/util/concurrent/CompletableFuture$UniRelay done
Event: 21247.638 Loading class java/util/concurrent/ScheduledThreadPoolExecutor$DelayedWorkQueue$Itr
Event: 21247.639 Loading class java/util/concurrent/ScheduledThreadPoolExecutor$DelayedWorkQueue$Itr done
Event: 21249.157 Loading class java/lang/ProcessHandleImpl$ExitCompletion
Event: 21249.157 Loading class java/lang/ProcessHandleImpl$ExitCompletion done
Event: 21249.158 Loading class java/lang/ProcessHandleImpl$1
Event: 21249.158 Loading class java/lang/ProcessHandleImpl$1 done
Event: 21249.158 Loading class java/util/concurrent/CompletableFuture$UniHandle
Event: 21249.159 Loading class java/util/concurrent/CompletableFuture$UniHandle done

Classes unloaded (20 events):
Event: 85733.674 Thread 0x00000230ad47a4e0 Unloading class 0x00000230c5a74c00 'java/lang/invoke/LambdaForm$MH+0x00000230c5a74c00'
Event: 85733.674 Thread 0x00000230ad47a4e0 Unloading class 0x00000230c5a75400 'java/lang/invoke/LambdaForm$MH+0x00000230c5a75400'
Event: 85733.674 Thread 0x00000230ad47a4e0 Unloading class 0x00000230c5a77400 'java/lang/invoke/LambdaForm$MH+0x00000230c5a77400'
Event: 85733.674 Thread 0x00000230ad47a4e0 Unloading class 0x00000230c5a77c00 'java/lang/invoke/LambdaForm$MH+0x00000230c5a77c00'
Event: 85733.674 Thread 0x00000230ad47a4e0 Unloading class 0x00000230c5a78c00 'java/lang/invoke/LambdaForm$MH+0x00000230c5a78c00'
Event: 85733.674 Thread 0x00000230ad47a4e0 Unloading class 0x00000230c5a7a000 'java/lang/invoke/LambdaForm$MH+0x00000230c5a7a000'
Event: 85733.674 Thread 0x00000230ad47a4e0 Unloading class 0x00000230c5ab0000 'java/lang/invoke/LambdaForm$MH+0x00000230c5ab0000'
Event: 85733.674 Thread 0x00000230ad47a4e0 Unloading class 0x00000230c5ab0800 'java/lang/invoke/LambdaForm$MH+0x00000230c5ab0800'
Event: 85733.674 Thread 0x00000230ad47a4e0 Unloading class 0x00000230c5ae2000 'java/lang/invoke/LambdaForm$MH+0x00000230c5ae2000'
Event: 85733.674 Thread 0x00000230ad47a4e0 Unloading class 0x00000230c5000400 'java/lang/invoke/LambdaForm$MH+0x00000230c5000400'
Event: 85733.674 Thread 0x00000230ad47a4e0 Unloading class 0x00000230c501dc00 'java/lang/invoke/LambdaForm$BMH+0x00000230c501dc00'
Event: 85733.674 Thread 0x00000230ad47a4e0 Unloading class 0x00000230c51ab000 'java/lang/invoke/LambdaForm$MH+0x00000230c51ab000'
Event: 85733.675 Thread 0x00000230ad47a4e0 Unloading class 0x00000230c5358c00 'java/lang/invoke/LambdaForm$MH+0x00000230c5358c00'
Event: 85733.675 Thread 0x00000230ad47a4e0 Unloading class 0x00000230c597cc00 'java/lang/invoke/LambdaForm$MH+0x00000230c597cc00'
Event: 85733.675 Thread 0x00000230ad47a4e0 Unloading class 0x00000230c5992400 'java/lang/invoke/LambdaForm$MH+0x00000230c5992400'
Event: 85733.675 Thread 0x00000230ad47a4e0 Unloading class 0x00000230c5993400 'java/lang/invoke/LambdaForm$DMH+0x00000230c5993400'
Event: 85733.675 Thread 0x00000230ad47a4e0 Unloading class 0x00000230c599cc00 'jdk/internal/reflect/GeneratedSerializationConstructorAccessor101'
Event: 85733.675 Thread 0x00000230ad47a4e0 Unloading class 0x00000230c599c800 'jdk/internal/reflect/GeneratedSerializationConstructorAccessor100'
Event: 85733.675 Thread 0x00000230ad47a4e0 Unloading class 0x00000230c5911400 'jdk/internal/reflect/GeneratedSerializationConstructorAccessor19'
Event: 85733.675 Thread 0x00000230ad47a4e0 Unloading class 0x00000230c5118000 'java/lang/invoke/LambdaForm$MH+0x00000230c5118000'

Classes redefined (0 events):
No events

Internal exceptions (20 events):
Event: 86555.429 Thread 0x000002310d10e2a0 Exception <a 'java/lang/ArrayIndexOutOfBoundsException'{0x00000000d5bdb2f0}> (0x00000000d5bdb2f0) 
thrown [s\src\hotspot\share\runtime\sharedRuntime.cpp, line 625]
Event: 86558.840 Thread 0x000002310d1093e0 Exception <a 'java/lang/ArrayIndexOutOfBoundsException'{0x00000000d558b448}> (0x00000000d558b448) 
thrown [s\src\hotspot\share\runtime\sharedRuntime.cpp, line 625]
Event: 86559.368 Thread 0x000002310d10e2a0 Exception <a 'java/lang/ArrayIndexOutOfBoundsException'{0x00000000d56bb2f0}> (0x00000000d56bb2f0) 
thrown [s\src\hotspot\share\runtime\sharedRuntime.cpp, line 625]
Event: 86563.662 Thread 0x000002310d10e2a0 Exception <a 'java/lang/ArrayIndexOutOfBoundsException'{0x00000000d5a9fdb8}> (0x00000000d5a9fdb8) 
thrown [s\src\hotspot\share\runtime\sharedRuntime.cpp, line 625]
Event: 86563.990 Thread 0x000002310d10e2a0 Exception <a 'java/lang/ArrayIndexOutOfBoundsException'{0x00000000d5d96360}> (0x00000000d5d96360) 
thrown [s\src\hotspot\share\runtime\sharedRuntime.cpp, line 625]
Event: 86564.909 Thread 0x000002310e230260 Exception <a 'java/lang/ArrayIndexOutOfBoundsException'{0x00000000d5a9ece0}> (0x00000000d5a9ece0) 
thrown [s\src\hotspot\share\runtime\sharedRuntime.cpp, line 625]
Event: 86564.912 Thread 0x000002310e230260 Exception <a 'java/lang/ArrayIndexOutOfBoundsException'{0x00000000d5d9d770}> (0x00000000d5d9d770) 
thrown [s\src\hotspot\share\runtime\sharedRuntime.cpp, line 625]
Event: 86565.490 Thread 0x000002310d10cef0 Exception <a 'java/lang/ClassNotFoundException'{0x00000000d5754e70}: sun/net/www/protocol/jdt/Handler> (0x00000000d5754e70) 
thrown [s\src\hotspot\share\classfile\systemDictionary.cpp, line 312]
Event: 86565.490 Thread 0x000002310d10cef0 Exception <a 'java/lang/ClassNotFoundException'{0x00000000d5757ef8}: sun/net/www/protocol/jdt/Handler> (0x00000000d5757ef8) 
thrown [s\src\hotspot\share\classfile\systemDictionary.cpp, line 312]
Event: 86566.068 Thread 0x000002310e230260 Exception <a 'java/lang/ArrayIndexOutOfBoundsException'{0x00000000d5c77cd0}> (0x00000000d5c77cd0) 
thrown [s\src\hotspot\share\runtime\sharedRuntime.cpp, line 625]
Event: 86566.074 Thread 0x000002310e230260 Exception <a 'java/lang/ArrayIndexOutOfBoundsException'{0x00000000d5759d50}> (0x00000000d5759d50) 
thrown [s\src\hotspot\share\runtime\sharedRuntime.cpp, line 625]
Event: 86566.934 Thread 0x000002310d10e930 Exception <a 'java/lang/ArrayIndexOutOfBoundsException'{0x00000000d563c9e8}> (0x00000000d563c9e8) 
thrown [s\src\hotspot\share\runtime\sharedRuntime.cpp, line 625]
Event: 86567.395 Thread 0x000002310e230260 Exception <a 'java/lang/ArrayIndexOutOfBoundsException'{0x00000000d5c1fc80}> (0x00000000d5c1fc80) 
thrown [s\src\hotspot\share\runtime\sharedRuntime.cpp, line 625]
Event: 86567.400 Thread 0x000002310e230260 Exception <a 'java/lang/ArrayIndexOutOfBoundsException'{0x00000000d5707518}> (0x00000000d5707518) 
thrown [s\src\hotspot\share\runtime\sharedRuntime.cpp, line 625]
Event: 86591.396 Thread 0x000002310d10cef0 Exception <a 'java/lang/ClassNotFoundException'{0x00000000d5662388}: sun/net/www/protocol/jdt/Handler> (0x00000000d5662388) 
thrown [s\src\hotspot\share\classfile\systemDictionary.cpp, line 312]
Event: 86591.396 Thread 0x000002310d10cef0 Exception <a 'java/lang/ClassNotFoundException'{0x00000000d56649d8}: sun/net/www/protocol/jdt/Handler> (0x00000000d56649d8) 
thrown [s\src\hotspot\share\classfile\systemDictionary.cpp, line 312]
Event: 86591.396 Thread 0x000002310d10cef0 Exception <a 'java/lang/ClassNotFoundException'{0x00000000d5666bc8}: sun/net/www/protocol/jdt/Handler> (0x00000000d5666bc8) 
thrown [s\src\hotspot\share\classfile\systemDictionary.cpp, line 312]
Event: 86598.302 Thread 0x000002310e230260 Implicit null exception at 0x00000230b8cd060b to 0x00000230b8cd1682
Event: 86598.481 Thread 0x000002310e230260 Implicit null exception at 0x00000230b92477de to 0x00000230b9247844
Event: 86599.641 Thread 0x000002310d10e930 Implicit null exception at 0x00000230b8ee13dd to 0x00000230b8ee19b4

ZGC Phase Switch (0 events):
No events

VM Operations (20 events):
Event: 105245.892 Executing VM operation: ParallelGCFailedAllocation (Allocation Failure)
Event: 105245.894 Executing VM operation: ParallelGCFailedAllocation (Allocation Failure) done
Event: 105247.061 Executing VM operation: ParallelGCFailedAllocation (Allocation Failure)
Event: 105247.064 Executing VM operation: ParallelGCFailedAllocation (Allocation Failure) done
Event: 105248.336 Executing VM operation: ParallelGCFailedAllocation (Allocation Failure)
Event: 105248.338 Executing VM operation: ParallelGCFailedAllocation (Allocation Failure) done
Event: 105248.341 Executing VM operation: ParallelGCFailedAllocation (Allocation Failure)
Event: 105248.344 Executing VM operation: ParallelGCFailedAllocation (Allocation Failure) done
Event: 105248.351 Executing VM operation: ParallelGCFailedAllocation (Allocation Failure)
Event: 105248.358 Executing VM operation: ParallelGCFailedAllocation (Allocation Failure) done
Event: 105248.364 Executing VM operation: ParallelGCFailedAllocation (Allocation Failure)
Event: 105248.367 Executing VM operation: ParallelGCFailedAllocation (Allocation Failure) done
Event: 105248.373 Executing VM operation: ParallelGCFailedAllocation (Allocation Failure)
Event: 105248.376 Executing VM operation: ParallelGCFailedAllocation (Allocation Failure) done
Event: 105248.382 Executing VM operation: ParallelGCFailedAllocation (Allocation Failure)
Event: 105248.385 Executing VM operation: ParallelGCFailedAllocation (Allocation Failure) done
Event: 105250.224 Executing VM operation: HandshakeAllThreads (HandshakeForDeflation)
Event: 105250.225 Executing VM operation: HandshakeAllThreads (HandshakeForDeflation) done
Event: 105250.225 Executing VM operation: RendezvousGCThreads
Event: 105250.225 Executing VM operation: RendezvousGCThreads done

Memory protections (0 events):
No events

Nmethod flushes (20 events):
Event: 85733.844 Thread 0x00000230ad47a4e0 flushing  nmethod 0x00000230b30dc810
Event: 85733.844 Thread 0x00000230ad47a4e0 flushing  nmethod 0x00000230b311e290
Event: 85733.844 Thread 0x00000230ad47a4e0 flushing  nmethod 0x00000230b315ca90
Event: 85733.844 Thread 0x00000230ad47a4e0 flushing  nmethod 0x00000230b3164890
Event: 85733.844 Thread 0x00000230ad47a4e0 flushing  nmethod 0x00000230b3166d10
Event: 85733.844 Thread 0x00000230ad47a4e0 flushing  nmethod 0x00000230b3197f10
Event: 85733.844 Thread 0x00000230ad47a4e0 flushing  nmethod 0x00000230b31c0890
Event: 85733.844 Thread 0x00000230ad47a4e0 flushing  nmethod 0x00000230b321eb90
Event: 85733.844 Thread 0x00000230ad47a4e0 flushing  nmethod 0x00000230b32ce610
Event: 85733.844 Thread 0x00000230ad47a4e0 flushing  nmethod 0x00000230b32cea90
Event: 85733.844 Thread 0x00000230ad47a4e0 flushing  nmethod 0x00000230b330a590
Event: 85733.844 Thread 0x00000230ad47a4e0 flushing  nmethod 0x00000230b3453190
Event: 85733.844 Thread 0x00000230ad47a4e0 flushing  nmethod 0x00000230b3550190
Event: 85733.844 Thread 0x00000230ad47a4e0 flushing  nmethod 0x00000230b3568490
Event: 85733.844 Thread 0x00000230ad47a4e0 flushing  nmethod 0x00000230b356e390
Event: 85733.844 Thread 0x00000230ad47a4e0 flushing  nmethod 0x00000230b35a5d90
Event: 85733.844 Thread 0x00000230ad47a4e0 flushing  nmethod 0x00000230b35aa590
Event: 85733.844 Thread 0x00000230ad47a4e0 flushing  nmethod 0x00000230b35dd110
Event: 85733.844 Thread 0x00000230ad47a4e0 flushing  nmethod 0x00000230b36d9790
Event: 85733.844 Thread 0x00000230ad47a4e0 flushing  nmethod 0x00000230b36dac10

Events (20 events):
Event: 105217.895 Thread 0x000002310e230260 Thread added: 0x0000023111acbd10
Event: 105219.676 Thread 0x000002310e230260 Thread added: 0x0000023111ad1260
Event: 105219.746 Thread 0x0000023111ad1260 Thread added: 0x0000023111ad0540
Event: 105233.233 Thread 0x000002310e230260 Thread added: 0x000002310d10a100
Event: 105233.250 Thread 0x000002310e230260 Thread added: 0x000002310d1093e0
Event: 105233.400 Thread 0x000002310d1093e0 Thread added: 0x000002310d10b4b0
Event: 105233.402 Thread 0x000002310d10b4b0 Thread added: 0x000002310d108d50
Event: 105233.413 Thread 0x000002310d108d50 Thread added: 0x000002310d10c860
Event: 105233.454 Thread 0x000002310d10f650 Thread added: 0x000002310d10cef0
Event: 105244.063 Thread 0x0000023111ad0540 Thread added: 0x000002310d109a70
Event: 105244.063 Thread 0x0000023111acbd10 Thread added: 0x000002310d10dc10
Event: 105244.064 Thread 0x000002310d10b4b0 Thread added: 0x000002310d10e2a0
Event: 105296.291 Thread 0x0000023111acf190 Thread exited: 0x0000023111acf190
Event: 105313.844 Thread 0x000002310d10b4b0 Thread exited: 0x000002310d10b4b0
Event: 105373.844 Thread 0x0000023111ad1260 Thread exited: 0x0000023111ad1260
Event: 105433.845 Thread 0x000002310d108d50 Thread exited: 0x000002310d108d50
Event: 105493.845 Thread 0x000002310d10c860 Thread exited: 0x000002310d10c860
Event: 105553.847 Thread 0x0000023111ad0540 Thread exited: 0x0000023111ad0540
Event: 105613.847 Thread 0x000002310d109a70 Thread exited: 0x000002310d109a70
Event: 105673.848 Thread 0x0000023111acbd10 Thread exited: 0x0000023111acbd10


Dynamic libraries:
0x00007ff694850000 - 0x00007ff69485e000 	c:\Users\ADMIN\.vscode\extensions\redhat.java-1.44.0-win32-x64\jre\21.0.8-win32-x86_64\bin\java.exe
0x00007ffd73d40000 - 0x00007ffd73fa8000 	C:\WINDOWS\SYSTEM32\ntdll.dll
0x00007ffd722d0000 - 0x00007ffd72399000 	C:\WINDOWS\System32\KERNEL32.DLL
0x00007ffd71540000 - 0x00007ffd7192d000 	C:\WINDOWS\System32\KERNELBASE.dll
0x00007ffd6de50000 - 0x00007ffd6deee000 	C:\WINDOWS\SYSTEM32\apphelp.dll
0x00007ffd713f0000 - 0x00007ffd7153b000 	C:\WINDOWS\System32\ucrtbase.dll
0x00007ffd59350000 - 0x00007ffd59368000 	c:\Users\ADMIN\.vscode\extensions\redhat.java-1.44.0-win32-x64\jre\21.0.8-win32-x86_64\bin\jli.dll
0x00007ffd59970000 - 0x00007ffd5998e000 	c:\Users\ADMIN\.vscode\extensions\redhat.java-1.44.0-win32-x64\jre\21.0.8-win32-x86_64\bin\VCRUNTIME140.dll
0x00007ffd71c60000 - 0x00007ffd71e2c000 	C:\WINDOWS\System32\USER32.dll
0x00007ffd54180000 - 0x00007ffd5441a000 	C:\WINDOWS\WinSxS\amd64_microsoft.windows.common-controls_6595b64144ccf1df_6.0.26100.4484_none_3e0e6d4ce32ef3b3\COMCTL32.dll
0x00007ffd71930000 - 0x00007ffd71957000 	C:\WINDOWS\System32\win32u.dll
0x00007ffd71b90000 - 0x00007ffd71bbb000 	C:\WINDOWS\System32\GDI32.dll
0x00007ffd72ea0000 - 0x00007ffd72f49000 	C:\WINDOWS\System32\msvcrt.dll
0x00007ffd71200000 - 0x00007ffd71337000 	C:\WINDOWS\System32\gdi32full.dll
0x00007ffd71340000 - 0x00007ffd713e3000 	C:\WINDOWS\System32\msvcp_win.dll
0x00007ffd729f0000 - 0x00007ffd72a1f000 	C:\WINDOWS\System32\IMM32.DLL
0x00007ffd61d50000 - 0x00007ffd61d5c000 	c:\Users\ADMIN\.vscode\extensions\redhat.java-1.44.0-win32-x64\jre\21.0.8-win32-x86_64\bin\vcruntime140_1.dll
0x00007ffd0db40000 - 0x00007ffd0dbcd000 	c:\Users\ADMIN\.vscode\extensions\redhat.java-1.44.0-win32-x64\jre\21.0.8-win32-x86_64\bin\msvcp140.dll
0x00007ffca79a0000 - 0x00007ffca8737000 	c:\Users\ADMIN\.vscode\extensions\redhat.java-1.44.0-win32-x64\jre\21.0.8-win32-x86_64\bin\server\jvm.dll
0x00007ffd72930000 - 0x00007ffd729e4000 	C:\WINDOWS\System32\ADVAPI32.dll
0x00007ffd71ae0000 - 0x00007ffd71b86000 	C:\WINDOWS\System32\sechost.dll
0x00007ffd73810000 - 0x00007ffd73928000 	C:\WINDOWS\System32\RPCRT4.dll
0x00007ffd72a70000 - 0x00007ffd72ae4000 	C:\WINDOWS\System32\WS2_32.dll
0x00007ffd70ce0000 - 0x00007ffd70d3e000 	C:\WINDOWS\SYSTEM32\POWRPROF.dll
0x00007ffd68a90000 - 0x00007ffd68a9b000 	C:\WINDOWS\SYSTEM32\VERSION.dll
0x00007ffd65a20000 - 0x00007ffd65a55000 	C:\WINDOWS\SYSTEM32\WINMM.dll
0x00007ffd70cc0000 - 0x00007ffd70cd4000 	C:\WINDOWS\SYSTEM32\UMPDC.dll
0x00007ffd6fc30000 - 0x00007ffd6fc4b000 	C:\WINDOWS\SYSTEM32\kernel.appcore.dll
0x00007ffd59b40000 - 0x00007ffd59b4a000 	c:\Users\ADMIN\.vscode\extensions\redhat.java-1.44.0-win32-x64\jre\21.0.8-win32-x86_64\bin\jimage.dll
0x00007ffd66f40000 - 0x00007ffd67181000 	C:\WINDOWS\SYSTEM32\DBGHELP.DLL
0x00007ffd72510000 - 0x00007ffd72896000 	C:\WINDOWS\System32\combase.dll
0x00007ffd72af0000 - 0x00007ffd72bd0000 	C:\WINDOWS\System32\OLEAUT32.dll
0x00007ffd26900000 - 0x00007ffd26943000 	C:\WINDOWS\SYSTEM32\dbgcore.DLL
0x00007ffd71160000 - 0x00007ffd711f9000 	C:\WINDOWS\System32\bcryptPrimitives.dll
0x00007ffd59520000 - 0x00007ffd5952f000 	c:\Users\ADMIN\.vscode\extensions\redhat.java-1.44.0-win32-x64\jre\21.0.8-win32-x86_64\bin\instrument.dll
0x00007ffd592d0000 - 0x00007ffd592ef000 	c:\Users\ADMIN\.vscode\extensions\redhat.java-1.44.0-win32-x64\jre\21.0.8-win32-x86_64\bin\java.dll
0x00007ffd72f50000 - 0x00007ffd7369a000 	C:\WINDOWS\System32\SHELL32.dll
0x00007ffd71960000 - 0x00007ffd71ad4000 	C:\WINDOWS\System32\wintypes.dll
0x00007ffd6eab0000 - 0x00007ffd6f30b000 	C:\WINDOWS\SYSTEM32\windows.storage.dll
0x00007ffd73b20000 - 0x00007ffd73c15000 	C:\WINDOWS\System32\SHCORE.dll
0x00007ffd736a0000 - 0x00007ffd7370a000 	C:\WINDOWS\System32\shlwapi.dll
0x00007ffd70da0000 - 0x00007ffd70dcf000 	C:\WINDOWS\SYSTEM32\profapi.dll
0x00007ffd59330000 - 0x00007ffd59348000 	c:\Users\ADMIN\.vscode\extensions\redhat.java-1.44.0-win32-x64\jre\21.0.8-win32-x86_64\bin\zip.dll
0x00007ffd59320000 - 0x00007ffd59330000 	C:\Users\ADMIN\.vscode\extensions\redhat.java-1.44.0-win32-x64\jre\21.0.8-win32-x86_64\bin\net.dll
0x00007ffd69560000 - 0x00007ffd6967e000 	C:\WINDOWS\SYSTEM32\WINHTTP.dll
0x00007ffd701c0000 - 0x00007ffd7022a000 	C:\WINDOWS\system32\mswsock.dll
0x00007ffd59170000 - 0x00007ffd59186000 	C:\Users\ADMIN\.vscode\extensions\redhat.java-1.44.0-win32-x64\jre\21.0.8-win32-x86_64\bin\nio.dll
0x00007ffd592c0000 - 0x00007ffd592d0000 	c:\Users\ADMIN\.vscode\extensions\redhat.java-1.44.0-win32-x64\jre\21.0.8-win32-x86_64\bin\verify.dll
0x00007ffd39570000 - 0x00007ffd395b5000 	C:\Users\ADMIN\AppData\Roaming\Code\User\globalStorage\redhat.java\1.44.0\config_win\org.eclipse.equinox.launcher\org.eclipse.equinox.launcher.win32.win32.x86_64_1.2.1400.v20250730-1736\eclipse_11913.dll
0x00007ffd72ca0000 - 0x00007ffd72e3e000 	C:\WINDOWS\System32\ole32.dll
0x00007ffd5f2a0000 - 0x00007ffd5f2aa000 	C:\Users\ADMIN\.vscode\extensions\redhat.java-1.44.0-win32-x64\jre\21.0.8-win32-x86_64\bin\management.dll
0x00007ffd58ee0000 - 0x00007ffd58eeb000 	C:\Users\ADMIN\.vscode\extensions\redhat.java-1.44.0-win32-x64\jre\21.0.8-win32-x86_64\bin\management_ext.dll
0x00007ffd72a30000 - 0x00007ffd72a38000 	C:\WINDOWS\System32\PSAPI.DLL
0x00007ffd70480000 - 0x00007ffd7049b000 	C:\WINDOWS\SYSTEM32\CRYPTSP.dll
0x00007ffd6fb90000 - 0x00007ffd6fbcb000 	C:\WINDOWS\system32\rsaenh.dll
0x00007ffd70260000 - 0x00007ffd7028b000 	C:\WINDOWS\SYSTEM32\USERENV.dll
0x00007ffd70d70000 - 0x00007ffd70d96000 	C:\WINDOWS\SYSTEM32\bcrypt.dll
0x00007ffd70470000 - 0x00007ffd7047c000 	C:\WINDOWS\SYSTEM32\CRYPTBASE.dll
0x00007ffd6f6d0000 - 0x00007ffd6f703000 	C:\WINDOWS\SYSTEM32\IPHLPAPI.DLL
0x00007ffd72be0000 - 0x00007ffd72bea000 	C:\WINDOWS\System32\NSI.dll
0x00007ffcf8220000 - 0x00007ffcf8269000 	C:\Users\ADMIN\AppData\Local\Temp\jna-62130991\jna4144686039312488499.dll
0x00007ffd696e0000 - 0x00007ffd696ff000 	C:\WINDOWS\SYSTEM32\dhcpcsvc6.DLL
0x00007ffd69340000 - 0x00007ffd69365000 	C:\WINDOWS\SYSTEM32\dhcpcsvc.DLL
0x00007ffd5f8b0000 - 0x00007ffd5f8be000 	C:\Users\ADMIN\.vscode\extensions\redhat.java-1.44.0-win32-x64\jre\21.0.8-win32-x86_64\bin\sunmscapi.dll
0x00007ffd70fe0000 - 0x00007ffd71157000 	C:\WINDOWS\System32\CRYPT32.dll
0x00007ffd70690000 - 0x00007ffd706c0000 	C:\WINDOWS\SYSTEM32\ncrypt.dll
0x00007ffd70640000 - 0x00007ffd7067f000 	C:\WINDOWS\SYSTEM32\NTASN1.dll
0x00007ffd6f710000 - 0x00007ffd6f836000 	C:\WINDOWS\SYSTEM32\DNSAPI.dll
0x00007ffd69690000 - 0x00007ffd6969b000 	C:\Windows\System32\rasadhlp.dll
0x00007ffd69860000 - 0x00007ffd698e6000 	C:\WINDOWS\System32\fwpuclnt.dll
0x00007ffd59160000 - 0x00007ffd59169000 	C:\Users\ADMIN\.vscode\extensions\redhat.java-1.44.0-win32-x64\jre\21.0.8-win32-x86_64\bin\extnet.dll
0x00007ffd53420000 - 0x00007ffd53447000 	C:\Users\ADMIN\.gradle\native\1def1411415f61bf3af743bc5b6707747c0891f09f0c88961ee8f79bc544acac\windows-amd64\native-platform.dll
0x00007ffcf4060000 - 0x00007ffcf4068000 	C:\WINDOWS\system32\wshunix.dll

JVMTI agents:
c:\Users\ADMIN\.vscode\extensions\redhat.java-1.44.0-win32-x64\lombok\lombok-1.18.39-4050.jar path:c:\Users\ADMIN\.vscode\extensions\redhat.java-1.44.0-win32-x64\jre\21.0.8-win32-x86_64\bin\instrument.dll, loaded, initialized, instrumentlib options:none

dbghelp: loaded successfully - version: 4.0.5 - missing functions: none
symbol engine: initialized successfully - sym options: 0x614 - pdb path: .;c:\Users\ADMIN\.vscode\extensions\redhat.java-1.44.0-win32-x64\jre\21.0.8-win32-x86_64\bin;C:\WINDOWS\SYSTEM32;C:\WINDOWS\WinSxS\amd64_microsoft.windows.common-controls_6595b64144ccf1df_6.0.26100.4484_none_3e0e6d4ce32ef3b3;c:\Users\ADMIN\.vscode\extensions\redhat.java-1.44.0-win32-x64\jre\21.0.8-win32-x86_64\bin\server;C:\Users\ADMIN\AppData\Roaming\Code\User\globalStorage\redhat.java\1.44.0\config_win\org.eclipse.equinox.launcher\org.eclipse.equinox.launcher.win32.win32.x86_64_1.2.1400.v20250730-1736;C:\Users\ADMIN\AppData\Local\Temp\jna-62130991;C:\Users\ADMIN\.gradle\native\1def1411415f61bf3af743bc5b6707747c0891f09f0c88961ee8f79bc544acac\windows-amd64

VM Arguments:
jvm_args: --add-modules=ALL-SYSTEM --add-opens=java.base/java.util=ALL-UNNAMED --add-opens=java.base/java.lang=ALL-UNNAMED --add-opens=java.base/sun.nio.fs=ALL-UNNAMED -Declipse.application=org.eclipse.jdt.ls.core.id1 -Dosgi.bundles.defaultStartLevel=4 -Declipse.product=org.eclipse.jdt.ls.core.product -Djava.import.generatesMetadataFilesAtProjectRoot=false -DDetectVMInstallationsJob.disabled=true -Dfile.encoding=utf8 -XX:+UseParallelGC -XX:GCTimeRatio=4 -XX:AdaptiveSizePolicyWeight=90 -Dsun.zip.disableMemoryMapping=true -Xmx2G -Xms100m -Xlog:disable -javaagent:c:\Users\ADMIN\.vscode\extensions\redhat.java-1.44.0-win32-x64\lombok\lombok-1.18.39-4050.jar -XX:+HeapDumpOnOutOfMemoryError -XX:HeapDumpPath=c:\Users\ADMIN\AppData\Roaming\Code\User\workspaceStorage\b1ffcd4bc4dad0963ade022a75ff35a5\redhat.java -Daether.dependencyCollector.impl=bf 
java_command: c:\Users\ADMIN\.vscode\extensions\redhat.java-1.44.0-win32-x64\server\plugins\org.eclipse.equinox.launcher_1.7.0.v20250519-0528.jar -configuration c:\Users\ADMIN\AppData\Roaming\Code\User\globalStorage\redhat.java\1.44.0\config_win -data c:\Users\ADMIN\AppData\Roaming\Code\User\workspaceStorage\b1ffcd4bc4dad0963ade022a75ff35a5\redhat.java\jdt_ws --pipe=\\.\pipe\lsp-c1d13d241bd0e140cb0cf45a29522bf6-sock
java_class_path (initial): c:\Users\ADMIN\.vscode\extensions\redhat.java-1.44.0-win32-x64\server\plugins\org.eclipse.equinox.launcher_1.7.0.v20250519-0528.jar
Launcher Type: SUN_STANDARD

[Global flags]
    uintx AdaptiveSizePolicyWeight                 = 90                                        {product} {command line}
     intx CICompilerCount                          = 4                                         {product} {ergonomic}
    uintx GCTimeRatio                              = 4                                         {product} {command line}
     bool HeapDumpOnOutOfMemoryError               = true                                   {manageable} {command line}
    ccstr HeapDumpPath                             = c:\Users\ADMIN\AppData\Roaming\Code\User\workspaceStorage\b1ffcd4bc4dad0963ade022a75ff35a5\redhat.java         {manageable} {command line}
   size_t InitialHeapSize                          = 104857600                                 {product} {command line}
   size_t MaxHeapSize                              = 2147483648                                {product} {command line}
   size_t MaxNewSize                               = 715653120                                 {product} {ergonomic}
   size_t MinHeapDeltaBytes                        = 524288                                    {product} {ergonomic}
   size_t MinHeapSize                              = 104857600                                 {product} {command line}
   size_t NewSize                                  = 34603008                                  {product} {ergonomic}
    uintx NonNMethodCodeHeapSize                   = 5839372                                {pd product} {ergonomic}
    uintx NonProfiledCodeHeapSize                  = 122909434                              {pd product} {ergonomic}
   size_t OldSize                                  = 70254592                                  {product} {ergonomic}
    uintx ProfiledCodeHeapSize                     = 122909434                              {pd product} {ergonomic}
    uintx ReservedCodeCacheSize                    = 251658240                              {pd product} {ergonomic}
     bool SegmentedCodeCache                       = true                                      {product} {ergonomic}
   size_t SoftMaxHeapSize                          = 2147483648                             {manageable} {ergonomic}
     bool UseCompressedOops                        = true                           {product lp64_product} {ergonomic}
     bool UseLargePagesIndividualAllocation        = false                                  {pd product} {ergonomic}
     bool UseParallelGC                            = true                                      {product} {command line}

Logging:
Log output configuration:
 #0: stdout all=off uptime,level,tags foldmultilines=false
 #1: stderr all=off uptime,level,tags foldmultilines=false

Environment Variables:
JAVA_HOME=C:\Users\ADMIN\java\jdk-17
PATH=C:\Program Files\Common Files\Oracle\Java\javapath;C:\Users\ADMIN\Documents\Work\ORACLE\app\oracle\product\21c\db_home\bin;C:\Program Files\Amazon Corretto\jdk21.0.4_7\bin;C:\Program Files (x86)\VMware\VMware Workstation\bin\;C:\windows\system32;C:\windows;C:\windows\System32\Wbem;C:\windows\System32\WindowsPowerShell\v1.0\;C:\windows\System32\OpenSSH\;C:\Program Files (x86)\NVIDIA Corporation\PhysX\Common;C:\Program Files\NVIDIA Corporation\NVIDIA NvDLISR;C:\WINDOWS\system32;C:\WINDOWS;C:\WINDOWS\System32\Wbem;C:\WINDOWS\System32\WindowsPowerShell\v1.0\;C:\WINDOWS\System32\OpenSSH\;C:\Program Files (x86)\mingw-w64\i686-8.1.0-posix-dwarf-rt_v6-rev0\mingw32\bin;C:\Users\ADMIN\Documents\MSYS2\mingw64\bin;C:\Users\ADMIN\Documents\MSYS2\ucrt64\bin;C:\Program Files\HP\HP One Agent;C:\Program Files\Java\jdk-22\bin;C:\Program Files\Microsoft SQL Server\Client SDK\ODBC\110\Tools\Binn\;C:\Program Files\Microsoft SQL Server\Client SDK\ODBC\170\Tools\Binn\;C:\Program Files (x86)\Microsoft SQL Server\150\Tools\Binn\;C:\Program Files\Microsoft SQL Server\150\Tools\Binn\;C:\Program Files\Microsoft SQL Server\150\DTS\Binn\;C:\Program Files\dotnet\;C:\Program Files (x86)\Windows Kits\10\Windows Performance Toolkit\;C:\Users\ADMIN\AppData\Roaming\nvm;C:\nvm4w\nodejs;C:\Program Files\Git\cmd;C:\WINDOWS\system32;C:\WINDOWS;C:\WINDOWS\System32\Wbem;C:\WINDOWS\System32\WindowsPowerShell\v1.0\;C:\WINDOWS\System32\OpenSSH\;C:\apache-maven-3.9.9\bin;;C:\Program Files\Docker\Docker\resources\bin;c:\Users\ADMIN\AppData\Local\Programs\cursor\resources\app\bin;C:\Program Files (x86)\Microsoft SQL Server\160\Tools\Binn\;C:\Program Files\Microsoft SQL Server\160\Tools\Binn\;C:\Program Files\Microsoft SQL Server\160\DTS\Binn\;C:\Program Files (x86)\Microsoft SQL Server\160\DTS\Binn\;C:\Users\ADMIN\AppData\Local\Programs\Python\Python313\Scripts\;C:\Users\ADMIN\AppData\Local\Programs\Python\Python313\;C:\Users\ADMIN\AppData\Local\Programs\Python\Launcher\;C:\Program Files\MySQL\MySQL Shell 8.0\bin\;C:\Users\ADMIN\AppData\Local\Microsoft\WindowsApps;C:\msys64\ucrt64\bin;C:\Users\ADMIN\AppData\Local\Programs\Microsoft VS Code\bin;C:\Users\ADMIN\AppData\Roaming\npm;C:\Users\ADMIN\.dotnet\tools;C:\Users\ADMIN\AppData\Roaming\nvm;C:\nvm4w\nodejs;C:\Users\ADMIN\AppData\Local\Programs\cursor\resources\app\bin
USERNAME=ADMIN
OS=Windows_NT
PROCESSOR_IDENTIFIER=AMD64 Family 25 Model 68 Stepping 1, AuthenticAMD
TMP=C:\Users\ADMIN\AppData\Local\Temp
TEMP=C:\Users\ADMIN\AppData\Local\Temp




Periodic native trim disabled

---------------  S Y S T E M  ---------------

OS:
 Windows 11 , 64 bit Build 26100 (10.0.26100.4484)
OS uptime: 24 days 0:09 hours
Hyper-V role detected

CPU: total 12 (initial active 12) (12 cores per cpu, 2 threads per core) family 25 model 68 stepping 1 microcode 0xa404105, cx8, cmov, fxsr, ht, mmx, 3dnowpref, sse, sse2, sse3, ssse3, sse4a, sse4.1, sse4.2, popcnt, lzcnt, tsc, tscinvbit, avx, avx2, aes, erms, clmul, bmi1, bmi2, adx, sha, fma, vzeroupper, clflush, clflushopt, hv, rdtscp, rdpid, fsrm, f16c, cet_ss
Processor Information for processor 0
  Max Mhz: 3301, Current Mhz: 3301, Mhz Limit: 3301
Processor Information for processor 1
  Max Mhz: 3301, Current Mhz: 2008, Mhz Limit: 3301
Processor Information for processor 2
  Max Mhz: 3301, Current Mhz: 2008, Mhz Limit: 3301
Processor Information for processor 3
  Max Mhz: 3301, Current Mhz: 2008, Mhz Limit: 3301
Processor Information for processor 4
  Max Mhz: 3301, Current Mhz: 2008, Mhz Limit: 3301
Processor Information for processor 5
  Max Mhz: 3301, Current Mhz: 2008, Mhz Limit: 3301
Processor Information for processor 6
  Max Mhz: 3301, Current Mhz: 2008, Mhz Limit: 3301
Processor Information for processor 7
  Max Mhz: 3301, Current Mhz: 2008, Mhz Limit: 3301
Processor Information for processor 8
  Max Mhz: 3301, Current Mhz: 2008, Mhz Limit: 3301
Processor Information for processor 9
  Max Mhz: 3301, Current Mhz: 2008, Mhz Limit: 3301
Processor Information for processor 10
  Max Mhz: 3301, Current Mhz: 2008, Mhz Limit: 3301
Processor Information for processor 11
  Max Mhz: 3301, Current Mhz: 2008, Mhz Limit: 3301

Memory: 4k page, system-wide physical 15557M (591M free)
TotalPageFile size 62661M (AvailPageFile size 1M)
current process WorkingSet (physical memory assigned to process): 10M, peak: 1375M
current process commit charge ("private bytes"): 833M, peak: 1835M

vm_info: OpenJDK 64-Bit Server VM (21.0.8+9-LTS) for windows-amd64 JRE (21.0.8+9-LTS), built on 2025-07-15T00:00:00Z by "admin" with MS VC++ 17.7 (VS2022)

END.
